<?xml version="1.0" encoding="UTF-8" ?>
<testsuite tests="12" failures="0" name="by.jrr.start.service.LoginServiceTest" time="0.005" errors="0" skipped="0">
  <properties>
[...]
</properties>
  <testcase classname="by.jrr.start.service.LoginServiceTest" name="reduceLoginAttempts" time="0.005"/>
  <testcase classname="by.jrr.start.service.LoginServiceTest" name="restoreAttempts" time="0"/>
  <testcase classname="by.jrr.start.service.LoginServiceTest" name="after1Incorrect_ShouldrestoreAttempts" time="0"/>
  <testcase classname="by.jrr.start.service.LoginServiceTest" name="after3Incorrect_ShouldrestoreAttempts" time="0"/>
  <testcase classname="by.jrr.start.service.LoginServiceTest" name="login_positive" time="0"/>
  <testcase classname="by.jrr.start.service.LoginServiceTest" name="login_negative" time="0"/>
  <testcase classname="by.jrr.start.service.LoginServiceTest" name="blockUser" time="0"/>
  <testcase classname="by.jrr.start.service.LoginServiceTest" name="BlockedUserLogin_ShouldReturnFalse" time="0"/>
  <testcase classname="by.jrr.start.service.LoginServiceTest" name="checkUserPassword_positive" time="0"/>
  <testcase classname="by.jrr.start.service.LoginServiceTest" name="after2Incorrect_ShouldrestoreAttempts" time="0"/>
  <testcase classname="by.jrr.start.service.LoginServiceTest" name="checkUserPassword_negative" time="0"/>
  <testcase classname="by.jrr.start.service.LoginServiceTest" name="after3WrongPasswords_ShouldBlockUser" time="0"/>
</testsuite>